<?xml version="1.0" encoding="UTF-8"?>
<!-- Generated by org.testng.reporters.JUnitReportReporter -->
<testsuite hostname="DESKTOP-0OM6LBG" failures="0" tests="1" name="PageModel.Orangehrmlive.ExtentReport" time="62.458" errors="0" timestamp="2024-01-12T19:24:35 IST" skipped="0">
  <testcase classname="PageModel.Orangehrmlive.ExtentReport" name="LoginPage" time="62.458"/>
</testsuite> <!-- PageModel.Orangehrmlive.ExtentReport -->
